
> rest-express@1.0.0 dev
> NODE_ENV=development tsx server/index.ts

USE_SQLITE detected — skipping Neon initialization
12:16:12 PM [express] serving on port 5000
SyntaxError: Unexpected token e in JSON at position 0
    at JSON.parse (<anonymous>)
    at createStrictSyntaxError (/home/dave/Downloads/MindfulMe/node_modules/body-parser/lib/types/json.js:169:10)
    at parse (/home/dave/Downloads/MindfulMe/node_modules/body-parser/lib/types/json.js:86:15)
    at /home/dave/Downloads/MindfulMe/node_modules/body-parser/lib/read.js:128:18
    at AsyncResource.runInAsyncScope (node:async_hooks:203:9)
    at invokeCallback (/home/dave/Downloads/MindfulMe/node_modules/raw-body/index.js:238:16)
    at done (/home/dave/Downloads/MindfulMe/node_modules/raw-body/index.js:227:7)
    at IncomingMessage.onEnd (/home/dave/Downloads/MindfulMe/node_modules/raw-body/index.js:287:7)
    at IncomingMessage.emit (node:events:517:28)
    at endReadableNT (node:internal/streams/readable:1400:12)
12:17:11 PM [express] GET /api/user/profile 403 in 12ms :: {"message":"Invalid token"}
12:17:11 PM [express] POST /api/auth/refresh 401 in 6ms :: {"message":"Refresh token required"}
12:17:11 PM [express] POST /api/auth/logout 200 in 4ms :: {"message":"Logged out"}
Browserslist: browsers data (caniuse-lite) is 10 months old. Please run:
  npx update-browserslist-db@latest
  Why you should do it regularly: https://github.com/browserslist/update-db#readme
12:35:41 [vite] hmr update /src/pages/landing.tsx, /src/index.css?v=0DuS-1XN-dBsZzmSzpqgV
12:35:41 [vite] changed tsconfig file detected: /home/dave/Downloads/MindfulMe/tsconfig.json - Clearing cache and forcing full-reload to ensure TypeScript is compiled with updated config values.
